{"content": {"suites": {"0": {"status": {"total_pass": 1, "total_skip": 1, "total_xpass": 0, "total_xfail": 0, "total_rerun": 0, "total_fail": 3, "total_error": 0}, "tests": {"0": {"status": "PASS", "message": "", "test_name": "test_passed", "rerun": "0"}, "1": {"status": "SKIP", "message": "('C:\\\\Users\\\\d.duraivelan\\\\PycharmProjects\\\\NessDemosOct\\\\D6Old\\\\dummy\\\\test_d1.py', 27, 'Skipped: Test is skipped as it is not applicable in this environment.')\n", "test_name": "test_ignored", "rerun": "0"}, "2": {"status": "FAIL", "message": "   AttributeError: 'NoneType' object has no attribute 'non_existent_method'\n", "test_name": "test_broken", "rerun": "0"}, "3": {"status": "FAIL", "message": "   AssertionError: Intentional failure for demonstration\n   assert 1 == 2\n", "test_name": "test_new_failure", "rerun": "0"}, "4": {"status": "FAIL", "message": "   selenium.common.exceptions.TimeoutException: Message: timeout: Timed out receiving message from renderer: 0.005\n     (Session info: chrome=129.0.6668.90)\n   Stacktrace:\n   \tGetHandleVerifier [0x00EB5523+24195]\n   \t(No symbol) [0x00E4AA04]\n   \t(No symbol) [0x00D42093]\n   \t(No symbol) [0x00D2E285]\n   \t(No symbol) [0x00D2DFB8]\n   \t(No symbol) [0x00D2C408]\n   \t(No symbol) [0x00D2CABD]\n   \t(No symbol) [0x00D38C8A]\n   \t(No symbol) [0x00D4D215]\n   \t(No symbol) [0x00D51816]\n   \t(No symbol) [0x00D2D0EC]\n   \t(No symbol) [0x00D4D08E]\n   \t(No symbol) [0x00DC55B1]\n   \t(No symbol) [0x00DAA8D6]\n   \t(No symbol) [0x00D7BA27]\n   \t(No symbol) [0x00D7C43D]\n   \tGetHandleVerifier [0x0117CE13+2938739]\n   \tGetHandleVerifier [0x011CEC69+3274185]\n   \tGetHandleVerifier [0x00F409C2+594722]\n   \tGetHandleVerifier [0x00F47EDC+624700]\n   \t(No symbol) [0x00E537CD]\n   \t(No symbol) [0x00E50528]\n   \t(No symbol) [0x00E506C5]\n   \t(No symbol) [0x00E42CA6]\n   \tBaseThreadInitThunk [0x75EFFCC9+25]\n   \tRtlGetAppContainerNamedObjectPath [0x77887C6E+286]\n   \tRtlGetAppContainerNamedObjectPath [0x77887C3E+238]\n       Failed: TimeoutException occurred while loading the page\n", "test_name": "test_environment_issue", "rerun": "0"}}, "suite_name": "dummy/test_d1.py"}, "1": {"suite_name": "dummy/test_demo.py", "tests": {"0": {"status": "PASS", "message": "", "test_name": "test_case_1", "rerun": "0"}, "1": {"status": "PASS", "message": "", "test_name": "test_case_2", "rerun": "0"}}, "status": {"total_pass": 2, "total_skip": 0, "total_xpass": 0, "total_xfail": 0, "total_rerun": 0, "total_fail": 0, "total_error": 0}}}}, "date": "October 15, 2024", "start_time": 1728962083.665433, "total_suite": 2, "status": "FAIL", "status_list": {"pass": "3", "fail": "3", "skip": "1", "error": "0", "xpass": "0", "xfail": "0", "rerun": "0"}, "total_tests": "7"}